Determining if the pthread_create exist failed with the following output:
Change Dir: /home/marc-antoinea/Documents/3-Formation/6 - semestre_3/MOPSI - Projet RO/MOPSI_shortestPath/Code/CMakeFiles/CMakeTmp

Run Build Command:"/usr/bin/make" "cmTC_9f975/fast"
/usr/bin/make -f CMakeFiles/cmTC_9f975.dir/build.make CMakeFiles/cmTC_9f975.dir/build
make[1]: Entering directory '/home/marc-antoinea/Documents/3-Formation/6 - semestre_3/MOPSI - Projet RO/MOPSI_shortestPath/Code/CMakeFiles/CMakeTmp'
Building C object CMakeFiles/cmTC_9f975.dir/CheckSymbolExists.c.o
/usr/bin/cc     -o CMakeFiles/cmTC_9f975.dir/CheckSymbolExists.c.o   -c "/home/marc-antoinea/Documents/3-Formation/6 - semestre_3/MOPSI - Projet RO/MOPSI_shortestPath/Code/CMakeFiles/CMakeTmp/CheckSymbolExists.c"
Linking C executable cmTC_9f975
/usr/bin/cmake -E cmake_link_script CMakeFiles/cmTC_9f975.dir/link.txt --verbose=1
/usr/bin/cc       CMakeFiles/cmTC_9f975.dir/CheckSymbolExists.c.o  -o cmTC_9f975 -rdynamic 
CMakeFiles/cmTC_9f975.dir/CheckSymbolExists.c.o: In function `main':
CheckSymbolExists.c:(.text+0x16): undefined reference to `pthread_create'
collect2: error: ld returned 1 exit status
CMakeFiles/cmTC_9f975.dir/build.make:97: recipe for target 'cmTC_9f975' failed
make[1]: *** [cmTC_9f975] Error 1
make[1]: Leaving directory '/home/marc-antoinea/Documents/3-Formation/6 - semestre_3/MOPSI - Projet RO/MOPSI_shortestPath/Code/CMakeFiles/CMakeTmp'
Makefile:126: recipe for target 'cmTC_9f975/fast' failed
make: *** [cmTC_9f975/fast] Error 2

File /home/marc-antoinea/Documents/3-Formation/6 - semestre_3/MOPSI - Projet RO/MOPSI_shortestPath/Code/CMakeFiles/CMakeTmp/CheckSymbolExists.c:
/* */
#include <pthread.h>

int main(int argc, char** argv)
{
  (void)argv;
#ifndef pthread_create
  return ((int*)(&pthread_create))[argc];
#else
  (void)argc;
  return 0;
#endif
}

